Linked: (/home/animesh/robot_localization_ws/devel/.private/robot_localization/include/robot_localization/ToggleFilterProcessing.h, /home/animesh/robot_localization_ws/devel/include/robot_localization/ToggleFilterProcessing.h)
Linked: (/home/animesh/robot_localization_ws/devel/.private/robot_localization/include/robot_localization/ToLLResponse.h, /home/animesh/robot_localization_ws/devel/include/robot_localization/ToLLResponse.h)
Linked: (/home/animesh/robot_localization_ws/devel/.private/robot_localization/include/robot_localization/SetPoseResponse.h, /home/animesh/robot_localization_ws/devel/include/robot_localization/SetPoseResponse.h)
Linked: (/home/animesh/robot_localization_ws/devel/.private/robot_localization/include/robot_localization/FromLL.h, /home/animesh/robot_localization_ws/devel/include/robot_localization/FromLL.h)
Linked: (/home/animesh/robot_localization_ws/devel/.private/robot_localization/include/robot_localization/GetState.h, /home/animesh/robot_localization_ws/devel/include/robot_localization/GetState.h)
Linked: (/home/animesh/robot_localization_ws/devel/.private/robot_localization/include/robot_localization/SetPose.h, /home/animesh/robot_localization_ws/devel/include/robot_localization/SetPose.h)
Linked: (/home/animesh/robot_localization_ws/devel/.private/robot_localization/include/robot_localization/FromLLRequest.h, /home/animesh/robot_localization_ws/devel/include/robot_localization/FromLLRequest.h)
Linked: (/home/animesh/robot_localization_ws/devel/.private/robot_localization/include/robot_localization/SetDatumRequest.h, /home/animesh/robot_localization_ws/devel/include/robot_localization/SetDatumRequest.h)
Linked: (/home/animesh/robot_localization_ws/devel/.private/robot_localization/include/robot_localization/SetPoseRequest.h, /home/animesh/robot_localization_ws/devel/include/robot_localization/SetPoseRequest.h)
Linked: (/home/animesh/robot_localization_ws/devel/.private/robot_localization/include/robot_localization/ToLLRequest.h, /home/animesh/robot_localization_ws/devel/include/robot_localization/ToLLRequest.h)
Linked: (/home/animesh/robot_localization_ws/devel/.private/robot_localization/include/robot_localization/GetStateRequest.h, /home/animesh/robot_localization_ws/devel/include/robot_localization/GetStateRequest.h)
Linked: (/home/animesh/robot_localization_ws/devel/.private/robot_localization/include/robot_localization/SetDatumResponse.h, /home/animesh/robot_localization_ws/devel/include/robot_localization/SetDatumResponse.h)
Linked: (/home/animesh/robot_localization_ws/devel/.private/robot_localization/include/robot_localization/ToggleFilterProcessingResponse.h, /home/animesh/robot_localization_ws/devel/include/robot_localization/ToggleFilterProcessingResponse.h)
Linked: (/home/animesh/robot_localization_ws/devel/.private/robot_localization/include/robot_localization/ToLL.h, /home/animesh/robot_localization_ws/devel/include/robot_localization/ToLL.h)
Linked: (/home/animesh/robot_localization_ws/devel/.private/robot_localization/include/robot_localization/SetDatum.h, /home/animesh/robot_localization_ws/devel/include/robot_localization/SetDatum.h)
Linked: (/home/animesh/robot_localization_ws/devel/.private/robot_localization/include/robot_localization/FromLLResponse.h, /home/animesh/robot_localization_ws/devel/include/robot_localization/FromLLResponse.h)
Linked: (/home/animesh/robot_localization_ws/devel/.private/robot_localization/include/robot_localization/GetStateResponse.h, /home/animesh/robot_localization_ws/devel/include/robot_localization/GetStateResponse.h)
Linked: (/home/animesh/robot_localization_ws/devel/.private/robot_localization/include/robot_localization/ToggleFilterProcessingRequest.h, /home/animesh/robot_localization_ws/devel/include/robot_localization/ToggleFilterProcessingRequest.h)
Linked: (/home/animesh/robot_localization_ws/devel/.private/robot_localization/lib/libros_robot_localization_listener.so, /home/animesh/robot_localization_ws/devel/lib/libros_robot_localization_listener.so)
Linked: (/home/animesh/robot_localization_ws/devel/.private/robot_localization/lib/libros_filter.so, /home/animesh/robot_localization_ws/devel/lib/libros_filter.so)
Linked: (/home/animesh/robot_localization_ws/devel/.private/robot_localization/lib/librobot_localization_estimator.so, /home/animesh/robot_localization_ws/devel/lib/librobot_localization_estimator.so)
Linked: (/home/animesh/robot_localization_ws/devel/.private/robot_localization/lib/libnavsat_transform_nodelet.so, /home/animesh/robot_localization_ws/devel/lib/libnavsat_transform_nodelet.so)
Linked: (/home/animesh/robot_localization_ws/devel/.private/robot_localization/lib/libfilter_utilities.so, /home/animesh/robot_localization_ws/devel/lib/libfilter_utilities.so)
Linked: (/home/animesh/robot_localization_ws/devel/.private/robot_localization/lib/libukf_localization_nodelet.so, /home/animesh/robot_localization_ws/devel/lib/libukf_localization_nodelet.so)
Linked: (/home/animesh/robot_localization_ws/devel/.private/robot_localization/lib/libfilter_base.so, /home/animesh/robot_localization_ws/devel/lib/libfilter_base.so)
Linked: (/home/animesh/robot_localization_ws/devel/.private/robot_localization/lib/libekf_localization_nodelet.so, /home/animesh/robot_localization_ws/devel/lib/libekf_localization_nodelet.so)
Linked: (/home/animesh/robot_localization_ws/devel/.private/robot_localization/lib/libekf.so, /home/animesh/robot_localization_ws/devel/lib/libekf.so)
Linked: (/home/animesh/robot_localization_ws/devel/.private/robot_localization/lib/libnavsat_transform.so, /home/animesh/robot_localization_ws/devel/lib/libnavsat_transform.so)
Linked: (/home/animesh/robot_localization_ws/devel/.private/robot_localization/lib/libukf.so, /home/animesh/robot_localization_ws/devel/lib/libukf.so)
Linked: (/home/animesh/robot_localization_ws/devel/.private/robot_localization/lib/libros_filter_utilities.so, /home/animesh/robot_localization_ws/devel/lib/libros_filter_utilities.so)
Linked: (/home/animesh/robot_localization_ws/devel/.private/robot_localization/lib/pkgconfig/robot_localization.pc, /home/animesh/robot_localization_ws/devel/lib/pkgconfig/robot_localization.pc)
Linked: (/home/animesh/robot_localization_ws/devel/.private/robot_localization/lib/robot_localization/test_ros_robot_localization_listener_publisher, /home/animesh/robot_localization_ws/devel/lib/robot_localization/test_ros_robot_localization_listener_publisher)
Linked: (/home/animesh/robot_localization_ws/devel/.private/robot_localization/lib/robot_localization/ekf_localization_node, /home/animesh/robot_localization_ws/devel/lib/robot_localization/ekf_localization_node)
Linked: (/home/animesh/robot_localization_ws/devel/.private/robot_localization/lib/robot_localization/navsat_transform_node, /home/animesh/robot_localization_ws/devel/lib/robot_localization/navsat_transform_node)
Linked: (/home/animesh/robot_localization_ws/devel/.private/robot_localization/lib/robot_localization/robot_localization_listener_node, /home/animesh/robot_localization_ws/devel/lib/robot_localization/robot_localization_listener_node)
Linked: (/home/animesh/robot_localization_ws/devel/.private/robot_localization/lib/robot_localization/ukf_localization_node, /home/animesh/robot_localization_ws/devel/lib/robot_localization/ukf_localization_node)
Linked: (/home/animesh/robot_localization_ws/devel/.private/robot_localization/lib/python2.7/dist-packages/robot_localization/__init__.py, /home/animesh/robot_localization_ws/devel/lib/python2.7/dist-packages/robot_localization/__init__.py)
Linked: (/home/animesh/robot_localization_ws/devel/.private/robot_localization/lib/python2.7/dist-packages/robot_localization/srv/__init__.py, /home/animesh/robot_localization_ws/devel/lib/python2.7/dist-packages/robot_localization/srv/__init__.py)
Linked: (/home/animesh/robot_localization_ws/devel/.private/robot_localization/lib/python2.7/dist-packages/robot_localization/srv/_SetDatum.py, /home/animesh/robot_localization_ws/devel/lib/python2.7/dist-packages/robot_localization/srv/_SetDatum.py)
Linked: (/home/animesh/robot_localization_ws/devel/.private/robot_localization/lib/python2.7/dist-packages/robot_localization/srv/_SetPose.py, /home/animesh/robot_localization_ws/devel/lib/python2.7/dist-packages/robot_localization/srv/_SetPose.py)
Linked: (/home/animesh/robot_localization_ws/devel/.private/robot_localization/lib/python2.7/dist-packages/robot_localization/srv/_FromLL.py, /home/animesh/robot_localization_ws/devel/lib/python2.7/dist-packages/robot_localization/srv/_FromLL.py)
Linked: (/home/animesh/robot_localization_ws/devel/.private/robot_localization/lib/python2.7/dist-packages/robot_localization/srv/_ToggleFilterProcessing.py, /home/animesh/robot_localization_ws/devel/lib/python2.7/dist-packages/robot_localization/srv/_ToggleFilterProcessing.py)
Linked: (/home/animesh/robot_localization_ws/devel/.private/robot_localization/lib/python2.7/dist-packages/robot_localization/srv/_GetState.py, /home/animesh/robot_localization_ws/devel/lib/python2.7/dist-packages/robot_localization/srv/_GetState.py)
Linked: (/home/animesh/robot_localization_ws/devel/.private/robot_localization/lib/python2.7/dist-packages/robot_localization/srv/_ToLL.py, /home/animesh/robot_localization_ws/devel/lib/python2.7/dist-packages/robot_localization/srv/_ToLL.py)
Linked: (/home/animesh/robot_localization_ws/devel/.private/robot_localization/share/roseus/ros/robot_localization/manifest.l, /home/animesh/robot_localization_ws/devel/share/roseus/ros/robot_localization/manifest.l)
Linked: (/home/animesh/robot_localization_ws/devel/.private/robot_localization/share/roseus/ros/robot_localization/srv/ToLL.l, /home/animesh/robot_localization_ws/devel/share/roseus/ros/robot_localization/srv/ToLL.l)
Linked: (/home/animesh/robot_localization_ws/devel/.private/robot_localization/share/roseus/ros/robot_localization/srv/ToggleFilterProcessing.l, /home/animesh/robot_localization_ws/devel/share/roseus/ros/robot_localization/srv/ToggleFilterProcessing.l)
Linked: (/home/animesh/robot_localization_ws/devel/.private/robot_localization/share/roseus/ros/robot_localization/srv/SetDatum.l, /home/animesh/robot_localization_ws/devel/share/roseus/ros/robot_localization/srv/SetDatum.l)
Linked: (/home/animesh/robot_localization_ws/devel/.private/robot_localization/share/roseus/ros/robot_localization/srv/SetPose.l, /home/animesh/robot_localization_ws/devel/share/roseus/ros/robot_localization/srv/SetPose.l)
Linked: (/home/animesh/robot_localization_ws/devel/.private/robot_localization/share/roseus/ros/robot_localization/srv/FromLL.l, /home/animesh/robot_localization_ws/devel/share/roseus/ros/robot_localization/srv/FromLL.l)
Linked: (/home/animesh/robot_localization_ws/devel/.private/robot_localization/share/roseus/ros/robot_localization/srv/GetState.l, /home/animesh/robot_localization_ws/devel/share/roseus/ros/robot_localization/srv/GetState.l)
Linked: (/home/animesh/robot_localization_ws/devel/.private/robot_localization/share/gennodejs/ros/robot_localization/_index.js, /home/animesh/robot_localization_ws/devel/share/gennodejs/ros/robot_localization/_index.js)
Linked: (/home/animesh/robot_localization_ws/devel/.private/robot_localization/share/gennodejs/ros/robot_localization/srv/ToLL.js, /home/animesh/robot_localization_ws/devel/share/gennodejs/ros/robot_localization/srv/ToLL.js)
Linked: (/home/animesh/robot_localization_ws/devel/.private/robot_localization/share/gennodejs/ros/robot_localization/srv/SetPose.js, /home/animesh/robot_localization_ws/devel/share/gennodejs/ros/robot_localization/srv/SetPose.js)
Linked: (/home/animesh/robot_localization_ws/devel/.private/robot_localization/share/gennodejs/ros/robot_localization/srv/GetState.js, /home/animesh/robot_localization_ws/devel/share/gennodejs/ros/robot_localization/srv/GetState.js)
Linked: (/home/animesh/robot_localization_ws/devel/.private/robot_localization/share/gennodejs/ros/robot_localization/srv/SetDatum.js, /home/animesh/robot_localization_ws/devel/share/gennodejs/ros/robot_localization/srv/SetDatum.js)
Linked: (/home/animesh/robot_localization_ws/devel/.private/robot_localization/share/gennodejs/ros/robot_localization/srv/_index.js, /home/animesh/robot_localization_ws/devel/share/gennodejs/ros/robot_localization/srv/_index.js)
Linked: (/home/animesh/robot_localization_ws/devel/.private/robot_localization/share/gennodejs/ros/robot_localization/srv/ToggleFilterProcessing.js, /home/animesh/robot_localization_ws/devel/share/gennodejs/ros/robot_localization/srv/ToggleFilterProcessing.js)
Linked: (/home/animesh/robot_localization_ws/devel/.private/robot_localization/share/gennodejs/ros/robot_localization/srv/FromLL.js, /home/animesh/robot_localization_ws/devel/share/gennodejs/ros/robot_localization/srv/FromLL.js)
Linked: (/home/animesh/robot_localization_ws/devel/.private/robot_localization/share/common-lisp/ros/robot_localization/srv/GetState.lisp, /home/animesh/robot_localization_ws/devel/share/common-lisp/ros/robot_localization/srv/GetState.lisp)
Linked: (/home/animesh/robot_localization_ws/devel/.private/robot_localization/share/common-lisp/ros/robot_localization/srv/FromLL.lisp, /home/animesh/robot_localization_ws/devel/share/common-lisp/ros/robot_localization/srv/FromLL.lisp)
Linked: (/home/animesh/robot_localization_ws/devel/.private/robot_localization/share/common-lisp/ros/robot_localization/srv/_package_SetDatum.lisp, /home/animesh/robot_localization_ws/devel/share/common-lisp/ros/robot_localization/srv/_package_SetDatum.lisp)
Linked: (/home/animesh/robot_localization_ws/devel/.private/robot_localization/share/common-lisp/ros/robot_localization/srv/_package_SetPose.lisp, /home/animesh/robot_localization_ws/devel/share/common-lisp/ros/robot_localization/srv/_package_SetPose.lisp)
Linked: (/home/animesh/robot_localization_ws/devel/.private/robot_localization/share/common-lisp/ros/robot_localization/srv/SetDatum.lisp, /home/animesh/robot_localization_ws/devel/share/common-lisp/ros/robot_localization/srv/SetDatum.lisp)
Linked: (/home/animesh/robot_localization_ws/devel/.private/robot_localization/share/common-lisp/ros/robot_localization/srv/SetPose.lisp, /home/animesh/robot_localization_ws/devel/share/common-lisp/ros/robot_localization/srv/SetPose.lisp)
Linked: (/home/animesh/robot_localization_ws/devel/.private/robot_localization/share/common-lisp/ros/robot_localization/srv/ToggleFilterProcessing.lisp, /home/animesh/robot_localization_ws/devel/share/common-lisp/ros/robot_localization/srv/ToggleFilterProcessing.lisp)
Linked: (/home/animesh/robot_localization_ws/devel/.private/robot_localization/share/common-lisp/ros/robot_localization/srv/_package_FromLL.lisp, /home/animesh/robot_localization_ws/devel/share/common-lisp/ros/robot_localization/srv/_package_FromLL.lisp)
Linked: (/home/animesh/robot_localization_ws/devel/.private/robot_localization/share/common-lisp/ros/robot_localization/srv/_package_ToggleFilterProcessing.lisp, /home/animesh/robot_localization_ws/devel/share/common-lisp/ros/robot_localization/srv/_package_ToggleFilterProcessing.lisp)
Linked: (/home/animesh/robot_localization_ws/devel/.private/robot_localization/share/common-lisp/ros/robot_localization/srv/robot_localization-srv.asd, /home/animesh/robot_localization_ws/devel/share/common-lisp/ros/robot_localization/srv/robot_localization-srv.asd)
Linked: (/home/animesh/robot_localization_ws/devel/.private/robot_localization/share/common-lisp/ros/robot_localization/srv/_package.lisp, /home/animesh/robot_localization_ws/devel/share/common-lisp/ros/robot_localization/srv/_package.lisp)
Linked: (/home/animesh/robot_localization_ws/devel/.private/robot_localization/share/common-lisp/ros/robot_localization/srv/ToLL.lisp, /home/animesh/robot_localization_ws/devel/share/common-lisp/ros/robot_localization/srv/ToLL.lisp)
Linked: (/home/animesh/robot_localization_ws/devel/.private/robot_localization/share/common-lisp/ros/robot_localization/srv/_package_ToLL.lisp, /home/animesh/robot_localization_ws/devel/share/common-lisp/ros/robot_localization/srv/_package_ToLL.lisp)
Linked: (/home/animesh/robot_localization_ws/devel/.private/robot_localization/share/common-lisp/ros/robot_localization/srv/_package_GetState.lisp, /home/animesh/robot_localization_ws/devel/share/common-lisp/ros/robot_localization/srv/_package_GetState.lisp)
Linked: (/home/animesh/robot_localization_ws/devel/.private/robot_localization/share/robot_localization/cmake/robot_localizationConfig.cmake, /home/animesh/robot_localization_ws/devel/share/robot_localization/cmake/robot_localizationConfig.cmake)
Linked: (/home/animesh/robot_localization_ws/devel/.private/robot_localization/share/robot_localization/cmake/robot_localizationConfig-version.cmake, /home/animesh/robot_localization_ws/devel/share/robot_localization/cmake/robot_localizationConfig-version.cmake)
Linked: (/home/animesh/robot_localization_ws/devel/.private/robot_localization/share/robot_localization/cmake/robot_localization-msg-extras.cmake, /home/animesh/robot_localization_ws/devel/share/robot_localization/cmake/robot_localization-msg-extras.cmake)
Linked: (/home/animesh/robot_localization_ws/devel/.private/robot_localization/share/robot_localization/cmake/robot_localization-msg-paths.cmake, /home/animesh/robot_localization_ws/devel/share/robot_localization/cmake/robot_localization-msg-paths.cmake)
